2017-07-12 15:43:37,763 training config:{'CLASS_AGNOSTIC': True,
 'MXNET_VERSION': 'mxnet-aconv',
 'SCALES': [(1024, 2048)],
 'TEST': {'BATCH_IMAGES': 1, 'test_epoch': 53},
 'TRAIN': {'BATCH_IMAGES': 1,
           'CROP_HEIGHT': 768,
           'CROP_WIDTH': 1024,
           'ENABLE_CROP': True,
           'ENABLE_OHEM': False,
           'FLIP': True,
           'RESUME': False,
           'SHUFFLE': True,
           'begin_epoch': 0,
           'end_epoch': 53,
           'lr': 0.0005,
           'lr_step': '40.336',
           'model_prefix': 'deeplab_resnet_v1_101_cityscapes_segmentation_acn',
           'momentum': 0.9,
           'warmup': True,
           'warmup_lr': 5e-05,
           'warmup_step': 1000,
           'wd': 0.0005},
 'dataset': {'NUM_CLASSES': 19,
             'annotation_prefix': 'gtFine',
             'dataset': 'CityScape',
             'dataset_path': '/data/haowang/seg_dataset/',
             'image_set': 'leftImg8bit_train',
             'root_path': '/data/haowang/seg_dataset/',
             'test_image_set': 'leftImg8bit_val'},
 'default': {'frequent': 10, 'kvstore': 'device'},
 'gpus': '1',
 'network': {'FIXED_PARAMS': ['conv1',
                              'bn_conv1',
                              'res2',
                              'bn2',
                              'gamma',
                              'beta'],
             'FIXED_PARAMS_SHARED': ['conv1',
                                     'bn_conv1',
                                     'res2',
                                     'bn2',
                                     'res3',
                                     'bn3',
                                     'res4',
                                     'bn4',
                                     'gamma',
                                     'beta'],
             'IMAGE_STRIDE': 0,
             'PIXEL_MEANS': array([ 103.06,  115.9 ,  123.15]),
             'pretrained': './model/pretrained_model/resnet_v1_101',
             'pretrained_epoch': 0},
 'output_path': './output/cityscape',
 'symbol': 'resnet_v1_101_deeplab_acn'}

2017-07-12 15:45:45,783 Epoch[0] Batch [10]	Speed: 1.60 samples/sec	Train-FCNLogLoss=nan,	
2017-07-12 15:45:51,984 Epoch[0] Batch [20]	Speed: 1.61 samples/sec	Train-FCNLogLoss=nan,	
2017-07-12 15:45:58,222 Epoch[0] Batch [30]	Speed: 1.60 samples/sec	Train-FCNLogLoss=nan,	
2017-07-12 15:46:04,432 Epoch[0] Batch [40]	Speed: 1.61 samples/sec	Train-FCNLogLoss=nan,	
2017-07-12 15:46:10,708 Epoch[0] Batch [50]	Speed: 1.59 samples/sec	Train-FCNLogLoss=nan,	
2017-07-12 15:46:16,889 Epoch[0] Batch [60]	Speed: 1.62 samples/sec	Train-FCNLogLoss=nan,	
2017-07-12 15:46:23,406 Epoch[0] Batch [70]	Speed: 1.53 samples/sec	Train-FCNLogLoss=nan,	
2017-07-12 15:46:29,910 Epoch[0] Batch [80]	Speed: 1.54 samples/sec	Train-FCNLogLoss=nan,	
2017-07-12 15:46:36,140 Epoch[0] Batch [90]	Speed: 1.61 samples/sec	Train-FCNLogLoss=nan,	
2017-07-12 15:46:42,424 Epoch[0] Batch [100]	Speed: 1.59 samples/sec	Train-FCNLogLoss=nan,	
2017-07-12 15:46:48,687 Epoch[0] Batch [110]	Speed: 1.60 samples/sec	Train-FCNLogLoss=nan,	
2017-07-12 15:46:54,925 Epoch[0] Batch [120]	Speed: 1.60 samples/sec	Train-FCNLogLoss=nan,	
2017-07-12 15:47:01,173 Epoch[0] Batch [130]	Speed: 1.60 samples/sec	Train-FCNLogLoss=nan,	
2017-07-12 15:47:07,412 Epoch[0] Batch [140]	Speed: 1.60 samples/sec	Train-FCNLogLoss=nan,	
2017-07-12 15:47:13,673 Epoch[0] Batch [150]	Speed: 1.60 samples/sec	Train-FCNLogLoss=nan,	
2017-07-12 15:47:19,937 Epoch[0] Batch [160]	Speed: 1.60 samples/sec	Train-FCNLogLoss=nan,	
2017-07-12 15:47:26,150 Epoch[0] Batch [170]	Speed: 1.61 samples/sec	Train-FCNLogLoss=nan,	
2017-07-12 15:47:32,415 Epoch[0] Batch [180]	Speed: 1.60 samples/sec	Train-FCNLogLoss=nan,	
2017-07-12 15:47:38,643 Epoch[0] Batch [190]	Speed: 1.61 samples/sec	Train-FCNLogLoss=nan,	
2017-07-12 15:47:44,921 Epoch[0] Batch [200]	Speed: 1.59 samples/sec	Train-FCNLogLoss=nan,	
2017-07-12 15:47:51,160 Epoch[0] Batch [210]	Speed: 1.60 samples/sec	Train-FCNLogLoss=nan,	
2017-07-12 15:47:57,430 Epoch[0] Batch [220]	Speed: 1.59 samples/sec	Train-FCNLogLoss=nan,	
2017-07-12 15:48:03,659 Epoch[0] Batch [230]	Speed: 1.61 samples/sec	Train-FCNLogLoss=nan,	
2017-07-12 15:48:09,899 Epoch[0] Batch [240]	Speed: 1.60 samples/sec	Train-FCNLogLoss=nan,	
2017-07-12 15:48:16,174 Epoch[0] Batch [250]	Speed: 1.59 samples/sec	Train-FCNLogLoss=nan,	
2017-07-12 15:48:22,424 Epoch[0] Batch [260]	Speed: 1.60 samples/sec	Train-FCNLogLoss=nan,	
2017-07-12 15:48:28,708 Epoch[0] Batch [270]	Speed: 1.59 samples/sec	Train-FCNLogLoss=nan,	
2017-07-12 15:48:34,956 Epoch[0] Batch [280]	Speed: 1.60 samples/sec	Train-FCNLogLoss=nan,	
2017-07-12 15:48:41,204 Epoch[0] Batch [290]	Speed: 1.60 samples/sec	Train-FCNLogLoss=nan,	
2017-07-12 15:48:47,450 Epoch[0] Batch [300]	Speed: 1.60 samples/sec	Train-FCNLogLoss=nan,	
2017-07-12 15:48:53,703 Epoch[0] Batch [310]	Speed: 1.60 samples/sec	Train-FCNLogLoss=nan,	
2017-07-12 15:48:59,952 Epoch[0] Batch [320]	Speed: 1.60 samples/sec	Train-FCNLogLoss=nan,	
2017-07-12 15:49:06,226 Epoch[0] Batch [330]	Speed: 1.59 samples/sec	Train-FCNLogLoss=nan,	
2017-07-12 15:49:12,503 Epoch[0] Batch [340]	Speed: 1.59 samples/sec	Train-FCNLogLoss=nan,	
2017-07-12 15:49:18,752 Epoch[0] Batch [350]	Speed: 1.60 samples/sec	Train-FCNLogLoss=nan,	
2017-07-12 15:49:25,022 Epoch[0] Batch [360]	Speed: 1.59 samples/sec	Train-FCNLogLoss=nan,	
2017-07-12 15:49:31,281 Epoch[0] Batch [370]	Speed: 1.60 samples/sec	Train-FCNLogLoss=nan,	
