2017-07-13 10:37:03,390 training config:{'CLASS_AGNOSTIC': True,
 'MXNET_VERSION': 'mxnet-aconv',
 'SCALES': [(1024, 2048)],
 'TEST': {'BATCH_IMAGES': 1, 'test_epoch': 53},
 'TRAIN': {'BATCH_IMAGES': 1,
           'CROP_HEIGHT': 768,
           'CROP_WIDTH': 1024,
           'ENABLE_CROP': True,
           'ENABLE_OHEM': False,
           'FLIP': True,
           'RESUME': False,
           'SHUFFLE': True,
           'begin_epoch': 0,
           'end_epoch': 53,
           'lr': 0.0005,
           'lr_step': '40.336',
           'model_prefix': 'deeplab_resnet_v1_101_cityscapes_segmentation_acn',
           'momentum': 0.9,
           'warmup': True,
           'warmup_lr': 5e-05,
           'warmup_step': 1000,
           'wd': 0.0005},
 'dataset': {'NUM_CLASSES': 19,
             'annotation_prefix': 'gtFine',
             'dataset': 'CityScape',
             'dataset_path': '/data/haowang/seg_dataset/',
             'image_set': 'leftImg8bit_train',
             'root_path': '/data/haowang/seg_dataset/',
             'test_image_set': 'leftImg8bit_val'},
 'default': {'frequent': 10, 'kvstore': 'device'},
 'gpus': '1',
 'network': {'FIXED_PARAMS': ['conv1',
                              'bn_conv1',
                              'res2',
                              'bn2',
                              'gamma',
                              'beta'],
             'FIXED_PARAMS_SHARED': ['conv1',
                                     'bn_conv1',
                                     'res2',
                                     'bn2',
                                     'res3',
                                     'bn3',
                                     'res4',
                                     'bn4',
                                     'gamma',
                                     'beta'],
             'IMAGE_STRIDE': 0,
             'PIXEL_MEANS': array([ 103.06,  115.9 ,  123.15]),
             'pretrained': './model/pretrained_model/resnet_v1_101',
             'pretrained_epoch': 0},
 'output_path': './output/cityscape',
 'symbol': 'resnet_v1_101_deeplab_acn'}

2017-07-13 10:38:55,037 Epoch[0] Batch [10]	Speed: 1.98 samples/sec	Train-FCNLogLoss=2.902226,	
2017-07-13 10:39:00,242 Epoch[0] Batch [20]	Speed: 1.92 samples/sec	Train-FCNLogLoss=2.794965,	
2017-07-13 10:39:05,470 Epoch[0] Batch [30]	Speed: 1.91 samples/sec	Train-FCNLogLoss=2.656092,	
2017-07-13 10:39:12,134 Epoch[0] Batch [40]	Speed: 1.50 samples/sec	Train-FCNLogLoss=2.483985,	
2017-07-13 10:39:17,171 Epoch[0] Batch [50]	Speed: 1.99 samples/sec	Train-FCNLogLoss=2.378955,	
2017-07-13 10:39:22,526 Epoch[0] Batch [60]	Speed: 1.87 samples/sec	Train-FCNLogLoss=2.297572,	
2017-07-13 10:39:27,139 Epoch[0] Batch [70]	Speed: 2.17 samples/sec	Train-FCNLogLoss=2.218818,	
2017-07-13 10:39:36,021 Epoch[0] Batch [80]	Speed: 1.13 samples/sec	Train-FCNLogLoss=2.173822,	
2017-07-13 10:39:43,218 Epoch[0] Batch [90]	Speed: 1.39 samples/sec	Train-FCNLogLoss=2.126177,	
2017-07-13 10:39:49,274 Epoch[0] Batch [100]	Speed: 1.65 samples/sec	Train-FCNLogLoss=2.103179,	
2017-07-13 10:39:55,237 Epoch[0] Batch [110]	Speed: 1.68 samples/sec	Train-FCNLogLoss=2.068223,	
2017-07-13 10:40:00,713 Epoch[0] Batch [120]	Speed: 1.83 samples/sec	Train-FCNLogLoss=2.030286,	
2017-07-13 10:40:06,527 Epoch[0] Batch [130]	Speed: 1.72 samples/sec	Train-FCNLogLoss=2.003546,	
2017-07-13 10:40:11,281 Epoch[0] Batch [140]	Speed: 2.10 samples/sec	Train-FCNLogLoss=1.985856,	
2017-07-13 10:40:15,682 Epoch[0] Batch [150]	Speed: 2.27 samples/sec	Train-FCNLogLoss=1.960198,	
2017-07-13 10:40:21,155 Epoch[0] Batch [160]	Speed: 1.83 samples/sec	Train-FCNLogLoss=1.947506,	
2017-07-13 10:40:25,325 Epoch[0] Batch [170]	Speed: 2.40 samples/sec	Train-FCNLogLoss=1.926130,	
2017-07-13 10:40:29,985 Epoch[0] Batch [180]	Speed: 2.15 samples/sec	Train-FCNLogLoss=1.908634,	
2017-07-13 10:40:35,179 Epoch[0] Batch [190]	Speed: 1.93 samples/sec	Train-FCNLogLoss=1.884109,	
2017-07-13 10:40:39,392 Epoch[0] Batch [200]	Speed: 2.37 samples/sec	Train-FCNLogLoss=1.859637,	
2017-07-13 10:40:45,384 Epoch[0] Batch [210]	Speed: 1.67 samples/sec	Train-FCNLogLoss=1.835817,	
2017-07-13 10:40:49,719 Epoch[0] Batch [220]	Speed: 2.31 samples/sec	Train-FCNLogLoss=1.824506,	
2017-07-13 10:40:54,905 Epoch[0] Batch [230]	Speed: 1.93 samples/sec	Train-FCNLogLoss=1.795512,	
2017-07-13 10:40:59,355 Epoch[0] Batch [240]	Speed: 2.25 samples/sec	Train-FCNLogLoss=1.788436,	
2017-07-13 10:41:05,745 Epoch[0] Batch [250]	Speed: 1.57 samples/sec	Train-FCNLogLoss=1.783461,	
2017-07-13 10:41:10,032 Epoch[0] Batch [260]	Speed: 2.33 samples/sec	Train-FCNLogLoss=1.768199,	
2017-07-13 10:41:14,328 Epoch[0] Batch [270]	Speed: 2.33 samples/sec	Train-FCNLogLoss=1.748123,	
2017-07-13 10:41:18,464 Epoch[0] Batch [280]	Speed: 2.42 samples/sec	Train-FCNLogLoss=1.733833,	
2017-07-13 10:41:22,824 Epoch[0] Batch [290]	Speed: 2.29 samples/sec	Train-FCNLogLoss=1.720415,	
2017-07-13 10:41:27,005 Epoch[0] Batch [300]	Speed: 2.39 samples/sec	Train-FCNLogLoss=1.711815,	
2017-07-13 10:41:31,380 Epoch[0] Batch [310]	Speed: 2.29 samples/sec	Train-FCNLogLoss=1.704229,	
2017-07-13 10:41:35,611 Epoch[0] Batch [320]	Speed: 2.36 samples/sec	Train-FCNLogLoss=1.689242,	
2017-07-13 10:41:40,103 Epoch[0] Batch [330]	Speed: 2.23 samples/sec	Train-FCNLogLoss=1.678385,	
2017-07-13 10:41:44,349 Epoch[0] Batch [340]	Speed: 2.36 samples/sec	Train-FCNLogLoss=1.665699,	
2017-07-13 10:41:48,571 Epoch[0] Batch [350]	Speed: 2.37 samples/sec	Train-FCNLogLoss=1.660357,	
2017-07-13 10:41:53,010 Epoch[0] Batch [360]	Speed: 2.25 samples/sec	Train-FCNLogLoss=1.654586,	
2017-07-13 10:41:57,691 Epoch[0] Batch [370]	Speed: 2.14 samples/sec	Train-FCNLogLoss=1.648769,	
2017-07-13 10:42:03,223 Epoch[0] Batch [380]	Speed: 1.81 samples/sec	Train-FCNLogLoss=1.642547,	
2017-07-13 10:42:07,410 Epoch[0] Batch [390]	Speed: 2.39 samples/sec	Train-FCNLogLoss=1.635970,	
2017-07-13 10:42:11,592 Epoch[0] Batch [400]	Speed: 2.39 samples/sec	Train-FCNLogLoss=1.634537,	
2017-07-13 10:42:16,241 Epoch[0] Batch [410]	Speed: 2.15 samples/sec	Train-FCNLogLoss=1.623008,	
2017-07-13 10:42:20,423 Epoch[0] Batch [420]	Speed: 2.39 samples/sec	Train-FCNLogLoss=1.625263,	
2017-07-13 10:42:24,852 Epoch[0] Batch [430]	Speed: 2.26 samples/sec	Train-FCNLogLoss=1.624076,	
2017-07-13 10:42:32,256 Epoch[0] Batch [440]	Speed: 1.35 samples/sec	Train-FCNLogLoss=1.620987,	
2017-07-13 10:42:36,731 Epoch[0] Batch [450]	Speed: 2.24 samples/sec	Train-FCNLogLoss=1.618352,	
2017-07-13 10:42:41,960 Epoch[0] Batch [460]	Speed: 1.91 samples/sec	Train-FCNLogLoss=1.614250,	
2017-07-13 10:42:47,204 Epoch[0] Batch [470]	Speed: 1.91 samples/sec	Train-FCNLogLoss=1.606646,	
2017-07-13 10:42:53,432 Epoch[0] Batch [480]	Speed: 1.61 samples/sec	Train-FCNLogLoss=1.601696,	
2017-07-13 10:42:57,685 Epoch[0] Batch [490]	Speed: 2.35 samples/sec	Train-FCNLogLoss=1.592796,	
2017-07-13 10:43:02,804 Epoch[0] Batch [500]	Speed: 1.95 samples/sec	Train-FCNLogLoss=1.588374,	
2017-07-13 10:43:08,669 Epoch[0] Batch [510]	Speed: 1.71 samples/sec	Train-FCNLogLoss=1.584344,	
2017-07-13 10:43:15,337 Epoch[0] Batch [520]	Speed: 1.50 samples/sec	Train-FCNLogLoss=1.577599,	
2017-07-13 10:43:19,965 Epoch[0] Batch [530]	Speed: 2.16 samples/sec	Train-FCNLogLoss=1.571612,	
2017-07-13 10:43:24,558 Epoch[0] Batch [540]	Speed: 2.18 samples/sec	Train-FCNLogLoss=1.566096,	
2017-07-13 10:43:29,234 Epoch[0] Batch [550]	Speed: 2.14 samples/sec	Train-FCNLogLoss=1.561496,	
2017-07-13 10:43:34,396 Epoch[0] Batch [560]	Speed: 1.94 samples/sec	Train-FCNLogLoss=1.556583,	
2017-07-13 10:43:39,615 Epoch[0] Batch [570]	Speed: 1.92 samples/sec	Train-FCNLogLoss=1.551165,	
2017-07-13 10:43:44,473 Epoch[0] Batch [580]	Speed: 2.06 samples/sec	Train-FCNLogLoss=1.549536,	
2017-07-13 10:43:49,700 Epoch[0] Batch [590]	Speed: 1.91 samples/sec	Train-FCNLogLoss=1.545241,	
