2017-06-14 19:01:30,167 training config:{'CLASS_AGNOSTIC': True,
 'MXNET_VERSION': 'mxnet',
 'SCALES': [(1024, 2048)],
 'TEST': {'BATCH_IMAGES': 1, 'test_epoch': 53},
 'TRAIN': {'BATCH_IMAGES': 1,
           'CROP_HEIGHT': 768,
           'CROP_WIDTH': 1024,
           'ENABLE_CROP': True,
           'ENABLE_OHEM': False,
           'FLIP': True,
           'RESUME': False,
           'SHUFFLE': True,
           'begin_epoch': 0,
           'end_epoch': 53,
           'lr': 0.0005,
           'lr_step': '40.336',
           'model_prefix': 'deeplab_resnet_v1_101_cityscapes_segmentation_dcn',
           'momentum': 0.9,
           'warmup': True,
           'warmup_lr': 5e-05,
           'warmup_step': 1000,
           'wd': 0.0005},
 'dataset': {'NUM_CLASSES': 19,
             'annotation_prefix': 'gtFine',
             'dataset': 'CityScape',
             'dataset_path': '/data/haowang/seg_dataset',
             'image_set': 'leftImg8bit_train',
             'root_path': '/data/haowang/seg_dataset',
             'test_image_set': 'leftImg8bit_val'},
 'default': {'frequent': 10, 'kvstore': 'device'},
 'gpus': '4,6,7',
 'network': {'FIXED_PARAMS': ['conv1',
                              'bn_conv1',
                              'res2',
                              'bn2',
                              'gamma',
                              'beta'],
             'FIXED_PARAMS_SHARED': ['conv1',
                                     'bn_conv1',
                                     'res2',
                                     'bn2',
                                     'res3',
                                     'bn3',
                                     'res4',
                                     'bn4',
                                     'gamma',
                                     'beta'],
             'IMAGE_STRIDE': 0,
             'PIXEL_MEANS': array([ 103.06,  115.9 ,  123.15]),
             'pretrained': './model/pretrained_model/resnet_v1_101',
             'pretrained_epoch': 0},
 'output_path': './output/cityscape',
 'symbol': 'resnet_v1_101_deeplab_dcn'}

2017-06-14 19:01:55,698 Epoch[0] Batch [10]	Speed: 8.05 samples/sec	Train-FCNLogLoss=2.892440,	
2017-06-14 19:01:59,126 Epoch[0] Batch [20]	Speed: 8.75 samples/sec	Train-FCNLogLoss=2.808345,	
2017-06-14 19:02:02,372 Epoch[0] Batch [30]	Speed: 9.24 samples/sec	Train-FCNLogLoss=2.652636,	
2017-06-14 19:02:06,055 Epoch[0] Batch [40]	Speed: 8.15 samples/sec	Train-FCNLogLoss=2.440106,	
2017-06-14 19:02:09,556 Epoch[0] Batch [50]	Speed: 8.57 samples/sec	Train-FCNLogLoss=2.278383,	
2017-06-14 19:02:13,026 Epoch[0] Batch [60]	Speed: 8.65 samples/sec	Train-FCNLogLoss=2.127283,	
2017-06-14 19:02:16,567 Epoch[0] Batch [70]	Speed: 8.47 samples/sec	Train-FCNLogLoss=2.002492,	
2017-06-14 19:02:20,098 Epoch[0] Batch [80]	Speed: 8.50 samples/sec	Train-FCNLogLoss=1.878092,	
2017-06-14 19:02:23,669 Epoch[0] Batch [90]	Speed: 8.40 samples/sec	Train-FCNLogLoss=1.770361,	
2017-06-14 19:02:27,082 Epoch[0] Batch [100]	Speed: 8.79 samples/sec	Train-FCNLogLoss=1.676950,	
2017-06-14 19:02:30,687 Epoch[0] Batch [110]	Speed: 8.32 samples/sec	Train-FCNLogLoss=1.590020,	
2017-06-14 19:02:34,179 Epoch[0] Batch [120]	Speed: 8.59 samples/sec	Train-FCNLogLoss=1.520796,	
2017-06-14 19:02:37,656 Epoch[0] Batch [130]	Speed: 8.63 samples/sec	Train-FCNLogLoss=1.466227,	
2017-06-14 19:02:41,171 Epoch[0] Batch [140]	Speed: 8.54 samples/sec	Train-FCNLogLoss=1.416589,	
2017-06-14 19:02:44,691 Epoch[0] Batch [150]	Speed: 8.53 samples/sec	Train-FCNLogLoss=1.369419,	
2017-06-14 19:02:47,934 Epoch[0] Batch [160]	Speed: 9.25 samples/sec	Train-FCNLogLoss=1.323279,	
2017-06-14 19:02:51,452 Epoch[0] Batch [170]	Speed: 8.53 samples/sec	Train-FCNLogLoss=1.283536,	
2017-06-14 19:02:54,807 Epoch[0] Batch [180]	Speed: 8.94 samples/sec	Train-FCNLogLoss=1.243866,	
2017-06-14 19:02:58,206 Epoch[0] Batch [190]	Speed: 8.83 samples/sec	Train-FCNLogLoss=1.207052,	
2017-06-14 19:03:01,574 Epoch[0] Batch [200]	Speed: 8.91 samples/sec	Train-FCNLogLoss=1.175705,	
2017-06-14 19:03:05,098 Epoch[0] Batch [210]	Speed: 8.51 samples/sec	Train-FCNLogLoss=1.143159,	
2017-06-14 19:03:08,552 Epoch[0] Batch [220]	Speed: 8.69 samples/sec	Train-FCNLogLoss=1.114717,	
2017-06-14 19:03:12,016 Epoch[0] Batch [230]	Speed: 8.66 samples/sec	Train-FCNLogLoss=1.086764,	
2017-06-14 19:03:15,471 Epoch[0] Batch [240]	Speed: 8.69 samples/sec	Train-FCNLogLoss=1.064557,	
2017-06-14 19:03:19,047 Epoch[0] Batch [250]	Speed: 8.39 samples/sec	Train-FCNLogLoss=1.042433,	
2017-06-14 19:03:22,775 Epoch[0] Batch [260]	Speed: 8.05 samples/sec	Train-FCNLogLoss=1.019753,	
2017-06-14 19:03:26,189 Epoch[0] Batch [270]	Speed: 8.79 samples/sec	Train-FCNLogLoss=0.996625,	
2017-06-14 19:03:29,583 Epoch[0] Batch [280]	Speed: 8.84 samples/sec	Train-FCNLogLoss=0.977661,	
2017-06-14 19:03:33,057 Epoch[0] Batch [290]	Speed: 8.64 samples/sec	Train-FCNLogLoss=0.960721,	
2017-06-14 19:03:36,494 Epoch[0] Batch [300]	Speed: 8.73 samples/sec	Train-FCNLogLoss=0.947795,	
2017-06-14 19:03:40,134 Epoch[0] Batch [310]	Speed: 8.24 samples/sec	Train-FCNLogLoss=0.931286,	
