2017-06-14 18:45:50,148 training config:{'CLASS_AGNOSTIC': True,
 'MXNET_VERSION': 'mxnet',
 'SCALES': [(1024, 2048)],
 'TEST': {'BATCH_IMAGES': 1, 'test_epoch': 53},
 'TRAIN': {'BATCH_IMAGES': 1,
           'CROP_HEIGHT': 768,
           'CROP_WIDTH': 1024,
           'ENABLE_CROP': True,
           'ENABLE_OHEM': False,
           'FLIP': True,
           'RESUME': False,
           'SHUFFLE': True,
           'begin_epoch': 0,
           'end_epoch': 53,
           'lr': 0.0005,
           'lr_step': '40.336',
           'model_prefix': 'deeplab_resnet_v1_101_cityscapes_segmentation_dcn',
           'momentum': 0.9,
           'warmup': True,
           'warmup_lr': 5e-05,
           'warmup_step': 1000,
           'wd': 0.0005},
 'dataset': {'NUM_CLASSES': 19,
             'annotation_prefix': 'gtFine',
             'dataset': 'CityScape',
             'dataset_path': '/data/haowang/seg_dataset',
             'image_set': 'leftImg8bit_train',
             'root_path': '/data/haowang/seg_dataset',
             'test_image_set': 'leftImg8bit_val'},
 'default': {'frequent': 10, 'kvstore': 'device'},
 'gpus': '4,6,7',
 'network': {'FIXED_PARAMS': ['conv1',
                              'bn_conv1',
                              'res2',
                              'bn2',
                              'gamma',
                              'beta'],
             'FIXED_PARAMS_SHARED': ['conv1',
                                     'bn_conv1',
                                     'res2',
                                     'bn2',
                                     'res3',
                                     'bn3',
                                     'res4',
                                     'bn4',
                                     'gamma',
                                     'beta'],
             'IMAGE_STRIDE': 0,
             'PIXEL_MEANS': array([ 103.06,  115.9 ,  123.15]),
             'pretrained': './model/pretrained_model/resnet_v1_101',
             'pretrained_epoch': 0},
 'output_path': './output/cityscape',
 'symbol': 'resnet_v1_101_deeplab_dcn'}

2017-06-14 18:46:16,163 Epoch[0] Batch [10]	Speed: 8.25 samples/sec	Train-FCNLogLoss=2.886046,	
2017-06-14 18:46:19,937 Epoch[0] Batch [20]	Speed: 7.95 samples/sec	Train-FCNLogLoss=2.767913,	
2017-06-14 18:46:24,002 Epoch[0] Batch [30]	Speed: 7.38 samples/sec	Train-FCNLogLoss=2.577445,	
2017-06-14 18:46:27,518 Epoch[0] Batch [40]	Speed: 8.53 samples/sec	Train-FCNLogLoss=2.400403,	
2017-06-14 18:46:31,644 Epoch[0] Batch [50]	Speed: 7.27 samples/sec	Train-FCNLogLoss=2.228702,	
2017-06-14 18:46:35,398 Epoch[0] Batch [60]	Speed: 7.99 samples/sec	Train-FCNLogLoss=2.087822,	
2017-06-14 18:46:39,106 Epoch[0] Batch [70]	Speed: 8.09 samples/sec	Train-FCNLogLoss=1.959841,	
2017-06-14 18:46:43,243 Epoch[0] Batch [80]	Speed: 7.25 samples/sec	Train-FCNLogLoss=1.824581,	
2017-06-14 18:46:47,484 Epoch[0] Batch [90]	Speed: 7.07 samples/sec	Train-FCNLogLoss=1.718549,	
2017-06-14 18:46:51,360 Epoch[0] Batch [100]	Speed: 7.74 samples/sec	Train-FCNLogLoss=1.629748,	
2017-06-14 18:46:55,539 Epoch[0] Batch [110]	Speed: 7.18 samples/sec	Train-FCNLogLoss=1.558000,	
2017-06-14 18:46:59,012 Epoch[0] Batch [120]	Speed: 8.64 samples/sec	Train-FCNLogLoss=1.494075,	
2017-06-14 18:47:03,055 Epoch[0] Batch [130]	Speed: 7.42 samples/sec	Train-FCNLogLoss=1.424166,	
2017-06-14 18:47:07,129 Epoch[0] Batch [140]	Speed: 7.36 samples/sec	Train-FCNLogLoss=1.373453,	
2017-06-14 18:47:10,386 Epoch[0] Batch [150]	Speed: 9.21 samples/sec	Train-FCNLogLoss=1.327001,	
2017-06-14 18:47:14,254 Epoch[0] Batch [160]	Speed: 7.76 samples/sec	Train-FCNLogLoss=1.278367,	
2017-06-14 18:47:18,069 Epoch[0] Batch [170]	Speed: 7.86 samples/sec	Train-FCNLogLoss=1.234904,	
2017-06-14 18:47:22,089 Epoch[0] Batch [180]	Speed: 7.47 samples/sec	Train-FCNLogLoss=1.200107,	
2017-06-14 18:47:26,169 Epoch[0] Batch [190]	Speed: 7.35 samples/sec	Train-FCNLogLoss=1.165723,	
2017-06-14 18:47:30,098 Epoch[0] Batch [200]	Speed: 7.64 samples/sec	Train-FCNLogLoss=1.135324,	
2017-06-14 18:47:33,999 Epoch[0] Batch [210]	Speed: 7.69 samples/sec	Train-FCNLogLoss=1.109315,	
2017-06-14 18:47:37,898 Epoch[0] Batch [220]	Speed: 7.70 samples/sec	Train-FCNLogLoss=1.080332,	
2017-06-14 18:47:41,952 Epoch[0] Batch [230]	Speed: 7.40 samples/sec	Train-FCNLogLoss=1.057250,	
2017-06-14 18:47:45,778 Epoch[0] Batch [240]	Speed: 7.84 samples/sec	Train-FCNLogLoss=1.033401,	
2017-06-14 18:47:49,227 Epoch[0] Batch [250]	Speed: 8.70 samples/sec	Train-FCNLogLoss=1.011216,	
2017-06-14 18:47:52,878 Epoch[0] Batch [260]	Speed: 8.22 samples/sec	Train-FCNLogLoss=0.989157,	
2017-06-14 18:47:56,463 Epoch[0] Batch [270]	Speed: 8.37 samples/sec	Train-FCNLogLoss=0.970205,	
2017-06-14 18:48:00,449 Epoch[0] Batch [280]	Speed: 7.53 samples/sec	Train-FCNLogLoss=0.952337,	
2017-06-14 18:48:04,098 Epoch[0] Batch [290]	Speed: 8.22 samples/sec	Train-FCNLogLoss=0.937470,	
2017-06-14 18:48:07,575 Epoch[0] Batch [300]	Speed: 8.63 samples/sec	Train-FCNLogLoss=0.927572,	
2017-06-14 18:48:11,447 Epoch[0] Batch [310]	Speed: 7.75 samples/sec	Train-FCNLogLoss=0.913275,	
2017-06-14 18:48:15,303 Epoch[0] Batch [320]	Speed: 7.78 samples/sec	Train-FCNLogLoss=0.900081,	
2017-06-14 18:48:18,970 Epoch[0] Batch [330]	Speed: 8.18 samples/sec	Train-FCNLogLoss=0.887902,	
2017-06-14 18:48:22,879 Epoch[0] Batch [340]	Speed: 7.68 samples/sec	Train-FCNLogLoss=0.873772,	
2017-06-14 18:48:26,689 Epoch[0] Batch [350]	Speed: 7.87 samples/sec	Train-FCNLogLoss=0.862699,	
2017-06-14 18:48:30,414 Epoch[0] Batch [360]	Speed: 8.05 samples/sec	Train-FCNLogLoss=0.850365,	
2017-06-14 18:48:34,175 Epoch[0] Batch [370]	Speed: 7.98 samples/sec	Train-FCNLogLoss=0.837884,	
2017-06-14 18:48:38,166 Epoch[0] Batch [380]	Speed: 7.52 samples/sec	Train-FCNLogLoss=0.828255,	
2017-06-14 18:48:41,933 Epoch[0] Batch [390]	Speed: 7.96 samples/sec	Train-FCNLogLoss=0.817599,	
2017-06-14 18:48:45,530 Epoch[0] Batch [400]	Speed: 8.34 samples/sec	Train-FCNLogLoss=0.808734,	
2017-06-14 18:48:49,147 Epoch[0] Batch [410]	Speed: 8.30 samples/sec	Train-FCNLogLoss=0.798545,	
2017-06-14 18:48:53,037 Epoch[0] Batch [420]	Speed: 7.71 samples/sec	Train-FCNLogLoss=0.789881,	
