2017-06-14 18:16:53,368 training config:{'CLASS_AGNOSTIC': True,
 'MXNET_VERSION': 'mxnet',
 'SCALES': [(1024, 2048)],
 'TEST': {'BATCH_IMAGES': 1, 'test_epoch': 53},
 'TRAIN': {'BATCH_IMAGES': 1,
           'CROP_HEIGHT': 768,
           'CROP_WIDTH': 1024,
           'ENABLE_CROP': True,
           'ENABLE_OHEM': False,
           'FLIP': True,
           'RESUME': False,
           'SHUFFLE': True,
           'begin_epoch': 0,
           'end_epoch': 53,
           'lr': 0.0005,
           'lr_step': '40.336',
           'model_prefix': 'deeplab_resnet_v1_101_cityscapes_segmentation_dcn',
           'momentum': 0.9,
           'warmup': True,
           'warmup_lr': 5e-05,
           'warmup_step': 1000,
           'wd': 0.0005},
 'dataset': {'NUM_CLASSES': 19,
             'annotation_prefix': 'gtFine',
             'dataset': 'CityScape',
             'dataset_path': '/data/haowang/seg_dataset',
             'image_set': 'leftImg8bit_train',
             'root_path': '/data/haowang/seg_dataset',
             'test_image_set': 'leftImg8bit_val'},
 'default': {'frequent': 10, 'kvstore': 'device'},
 'gpus': '4,6,7',
 'network': {'FIXED_PARAMS': ['conv1',
                              'bn_conv1',
                              'res2',
                              'bn2',
                              'gamma',
                              'beta'],
             'FIXED_PARAMS_SHARED': ['conv1',
                                     'bn_conv1',
                                     'res2',
                                     'bn2',
                                     'res3',
                                     'bn3',
                                     'res4',
                                     'bn4',
                                     'gamma',
                                     'beta'],
             'IMAGE_STRIDE': 0,
             'PIXEL_MEANS': array([ 103.06,  115.9 ,  123.15]),
             'pretrained': './model/pretrained_model/resnet_v1_101',
             'pretrained_epoch': 0},
 'output_path': './output/cityscape',
 'symbol': 'resnet_v1_101_deeplab_dcn'}

2017-06-14 18:17:22,272 Epoch[0] Batch [10]	Speed: 5.30 samples/sec	Train-FCNLogLoss=2.876938,	
2017-06-14 18:17:28,329 Epoch[0] Batch [20]	Speed: 4.95 samples/sec	Train-FCNLogLoss=2.784488,	
2017-06-14 18:17:34,410 Epoch[0] Batch [30]	Speed: 4.93 samples/sec	Train-FCNLogLoss=2.594743,	
2017-06-14 18:17:40,930 Epoch[0] Batch [40]	Speed: 4.60 samples/sec	Train-FCNLogLoss=2.452538,	
2017-06-14 18:17:47,022 Epoch[0] Batch [50]	Speed: 4.93 samples/sec	Train-FCNLogLoss=2.268504,	
2017-06-14 18:17:53,307 Epoch[0] Batch [60]	Speed: 4.77 samples/sec	Train-FCNLogLoss=2.076865,	
2017-06-14 18:17:59,359 Epoch[0] Batch [70]	Speed: 4.96 samples/sec	Train-FCNLogLoss=1.937243,	
2017-06-14 18:18:04,764 Epoch[0] Batch [80]	Speed: 5.55 samples/sec	Train-FCNLogLoss=1.802529,	
2017-06-14 18:18:10,671 Epoch[0] Batch [90]	Speed: 5.08 samples/sec	Train-FCNLogLoss=1.697513,	
2017-06-14 18:18:16,301 Epoch[0] Batch [100]	Speed: 5.33 samples/sec	Train-FCNLogLoss=1.615858,	
2017-06-14 18:18:22,239 Epoch[0] Batch [110]	Speed: 5.05 samples/sec	Train-FCNLogLoss=1.533253,	
2017-06-14 18:18:28,064 Epoch[0] Batch [120]	Speed: 5.15 samples/sec	Train-FCNLogLoss=1.466512,	
2017-06-14 18:18:34,111 Epoch[0] Batch [130]	Speed: 4.96 samples/sec	Train-FCNLogLoss=1.411869,	
2017-06-14 18:18:40,302 Epoch[0] Batch [140]	Speed: 4.85 samples/sec	Train-FCNLogLoss=1.357667,	
2017-06-14 18:18:46,393 Epoch[0] Batch [150]	Speed: 4.92 samples/sec	Train-FCNLogLoss=1.306118,	
2017-06-14 18:18:52,434 Epoch[0] Batch [160]	Speed: 4.97 samples/sec	Train-FCNLogLoss=1.259429,	
2017-06-14 18:18:58,837 Epoch[0] Batch [170]	Speed: 4.69 samples/sec	Train-FCNLogLoss=1.217529,	
2017-06-14 18:19:05,007 Epoch[0] Batch [180]	Speed: 4.86 samples/sec	Train-FCNLogLoss=1.175462,	
2017-06-14 18:19:10,490 Epoch[0] Batch [190]	Speed: 5.47 samples/sec	Train-FCNLogLoss=1.140797,	
