2017-06-15 00:41:18,962 training config:{'CLASS_AGNOSTIC': True,
 'MXNET_VERSION': 'mxnet',
 'SCALES': [(1024, 2048)],
 'TEST': {'BATCH_IMAGES': 1, 'test_epoch': 53},
 'TRAIN': {'BATCH_IMAGES': 1,
           'CROP_HEIGHT': 768,
           'CROP_WIDTH': 1024,
           'ENABLE_CROP': True,
           'ENABLE_OHEM': False,
           'FLIP': True,
           'RESUME': False,
           'SHUFFLE': True,
           'begin_epoch': 0,
           'end_epoch': 53,
           'lr': 0.0005,
           'lr_step': '40.336',
           'model_prefix': 'deeplab_resnet_v1_101_cityscapes_segmentation_dcn',
           'momentum': 0.9,
           'warmup': True,
           'warmup_lr': 5e-05,
           'warmup_step': 1000,
           'wd': 0.0005},
 'dataset': {'NUM_CLASSES': 19,
             'annotation_prefix': 'gtFine',
             'dataset': 'CityScape',
             'dataset_path': '/data/haowang/seg_dataset',
             'image_set': 'leftImg8bit_train',
             'root_path': '/data/haowang/seg_dataset',
             'test_image_set': 'leftImg8bit_val'},
 'default': {'frequent': 10, 'kvstore': 'device'},
 'gpus': '7',
 'network': {'FIXED_PARAMS': ['conv1',
                              'bn_conv1',
                              'res2',
                              'bn2',
                              'gamma',
                              'beta'],
             'FIXED_PARAMS_SHARED': ['conv1',
                                     'bn_conv1',
                                     'res2',
                                     'bn2',
                                     'res3',
                                     'bn3',
                                     'res4',
                                     'bn4',
                                     'gamma',
                                     'beta'],
             'IMAGE_STRIDE': 0,
             'PIXEL_MEANS': array([ 103.06,  115.9 ,  123.15]),
             'pretrained': './model/pretrained_model/resnet_v1_101',
             'pretrained_epoch': 0},
 'output_path': './output/cityscape',
 'symbol': 'resnet_v1_101_deeplab_dcn'}

2017-06-15 00:41:31,356 Epoch[0] Batch [10]	Speed: 3.75 samples/sec	Train-FCNLogLoss=2.923327,	
2017-06-15 00:41:33,957 Epoch[0] Batch [20]	Speed: 3.84 samples/sec	Train-FCNLogLoss=2.895315,	
2017-06-15 00:41:36,547 Epoch[0] Batch [30]	Speed: 3.86 samples/sec	Train-FCNLogLoss=2.863072,	
2017-06-15 00:41:39,104 Epoch[0] Batch [40]	Speed: 3.91 samples/sec	Train-FCNLogLoss=2.817258,	
2017-06-15 00:41:41,661 Epoch[0] Batch [50]	Speed: 3.91 samples/sec	Train-FCNLogLoss=2.773299,	
2017-06-15 00:41:44,185 Epoch[0] Batch [60]	Speed: 3.96 samples/sec	Train-FCNLogLoss=2.704481,	
2017-06-15 00:41:46,721 Epoch[0] Batch [70]	Speed: 3.94 samples/sec	Train-FCNLogLoss=2.609308,	
2017-06-15 00:41:49,241 Epoch[0] Batch [80]	Speed: 3.97 samples/sec	Train-FCNLogLoss=2.520848,	
2017-06-15 00:41:51,807 Epoch[0] Batch [90]	Speed: 3.90 samples/sec	Train-FCNLogLoss=2.470943,	
2017-06-15 00:41:54,339 Epoch[0] Batch [100]	Speed: 3.95 samples/sec	Train-FCNLogLoss=2.396764,	
2017-06-15 00:41:56,900 Epoch[0] Batch [110]	Speed: 3.90 samples/sec	Train-FCNLogLoss=2.318100,	
2017-06-15 00:41:59,486 Epoch[0] Batch [120]	Speed: 3.87 samples/sec	Train-FCNLogLoss=2.234718,	
2017-06-15 00:42:02,013 Epoch[0] Batch [130]	Speed: 3.96 samples/sec	Train-FCNLogLoss=2.159439,	
2017-06-15 00:42:04,610 Epoch[0] Batch [140]	Speed: 3.85 samples/sec	Train-FCNLogLoss=2.098725,	
2017-06-15 00:42:07,180 Epoch[0] Batch [150]	Speed: 3.89 samples/sec	Train-FCNLogLoss=2.032061,	
2017-06-15 00:42:09,710 Epoch[0] Batch [160]	Speed: 3.95 samples/sec	Train-FCNLogLoss=1.973322,	
2017-06-15 00:42:12,295 Epoch[0] Batch [170]	Speed: 3.87 samples/sec	Train-FCNLogLoss=1.911711,	
2017-06-15 00:42:14,841 Epoch[0] Batch [180]	Speed: 3.93 samples/sec	Train-FCNLogLoss=1.888708,	
2017-06-15 00:42:17,373 Epoch[0] Batch [190]	Speed: 3.95 samples/sec	Train-FCNLogLoss=1.836012,	
2017-06-15 00:42:19,936 Epoch[0] Batch [200]	Speed: 3.90 samples/sec	Train-FCNLogLoss=1.807781,	
2017-06-15 00:42:22,489 Epoch[0] Batch [210]	Speed: 3.92 samples/sec	Train-FCNLogLoss=1.773366,	
2017-06-15 00:42:25,032 Epoch[0] Batch [220]	Speed: 3.93 samples/sec	Train-FCNLogLoss=1.728051,	
2017-06-15 00:42:27,645 Epoch[0] Batch [230]	Speed: 3.83 samples/sec	Train-FCNLogLoss=1.691022,	
2017-06-15 00:42:30,233 Epoch[0] Batch [240]	Speed: 3.86 samples/sec	Train-FCNLogLoss=1.662633,	
2017-06-15 00:42:32,803 Epoch[0] Batch [250]	Speed: 3.89 samples/sec	Train-FCNLogLoss=1.633918,	
2017-06-15 00:42:35,325 Epoch[0] Batch [260]	Speed: 3.97 samples/sec	Train-FCNLogLoss=1.611616,	
2017-06-15 00:42:37,870 Epoch[0] Batch [270]	Speed: 3.93 samples/sec	Train-FCNLogLoss=1.578716,	
2017-06-15 00:42:40,389 Epoch[0] Batch [280]	Speed: 3.97 samples/sec	Train-FCNLogLoss=1.552981,	
2017-06-15 00:42:42,968 Epoch[0] Batch [290]	Speed: 3.88 samples/sec	Train-FCNLogLoss=1.525271,	
2017-06-15 00:42:45,568 Epoch[0] Batch [300]	Speed: 3.85 samples/sec	Train-FCNLogLoss=1.509712,	
2017-06-15 00:42:48,172 Epoch[0] Batch [310]	Speed: 3.84 samples/sec	Train-FCNLogLoss=1.483237,	
