2017-06-14 20:15:32,692 training config:{'CLASS_AGNOSTIC': True,
 'MXNET_VERSION': 'mxnet',
 'SCALES': [(1024, 2048)],
 'TEST': {'BATCH_IMAGES': 1, 'test_epoch': 53},
 'TRAIN': {'BATCH_IMAGES': 1,
           'CROP_HEIGHT': 768,
           'CROP_WIDTH': 1024,
           'ENABLE_CROP': True,
           'ENABLE_OHEM': False,
           'FLIP': True,
           'RESUME': False,
           'SHUFFLE': True,
           'begin_epoch': 0,
           'end_epoch': 53,
           'lr': 0.0005,
           'lr_step': '40.336',
           'model_prefix': 'deeplab_resnet_v1_101_cityscapes_segmentation_dcn',
           'momentum': 0.9,
           'warmup': True,
           'warmup_lr': 5e-05,
           'warmup_step': 1000,
           'wd': 0.0005},
 'dataset': {'NUM_CLASSES': 19,
             'annotation_prefix': 'gtFine',
             'dataset': 'CityScape',
             'dataset_path': '/data/haowang/seg_dataset',
             'image_set': 'leftImg8bit_train',
             'root_path': '/data/haowang/seg_dataset',
             'test_image_set': 'leftImg8bit_val'},
 'default': {'frequent': 10, 'kvstore': 'device'},
 'gpus': '4,6,7',
 'network': {'FIXED_PARAMS': ['conv1',
                              'bn_conv1',
                              'res2',
                              'bn2',
                              'gamma',
                              'beta'],
             'FIXED_PARAMS_SHARED': ['conv1',
                                     'bn_conv1',
                                     'res2',
                                     'bn2',
                                     'res3',
                                     'bn3',
                                     'res4',
                                     'bn4',
                                     'gamma',
                                     'beta'],
             'IMAGE_STRIDE': 0,
             'PIXEL_MEANS': array([ 103.06,  115.9 ,  123.15]),
             'pretrained': './model/pretrained_model/resnet_v1_101',
             'pretrained_epoch': 0},
 'output_path': './output/cityscape',
 'symbol': 'resnet_v1_101_deeplab_dcn'}

2017-06-14 20:16:00,647 Epoch[0] Batch [10]	Speed: 5.79 samples/sec	Train-FCNLogLoss=2.894296,	
2017-06-14 20:16:07,104 Epoch[0] Batch [20]	Speed: 4.65 samples/sec	Train-FCNLogLoss=2.794722,	
2017-06-14 20:16:12,510 Epoch[0] Batch [30]	Speed: 5.55 samples/sec	Train-FCNLogLoss=2.628037,	
2017-06-14 20:16:18,222 Epoch[0] Batch [40]	Speed: 5.25 samples/sec	Train-FCNLogLoss=2.409290,	
2017-06-14 20:16:23,966 Epoch[0] Batch [50]	Speed: 5.22 samples/sec	Train-FCNLogLoss=2.245547,	
2017-06-14 20:16:30,115 Epoch[0] Batch [60]	Speed: 4.88 samples/sec	Train-FCNLogLoss=2.088575,	
2017-06-14 20:16:36,313 Epoch[0] Batch [70]	Speed: 4.84 samples/sec	Train-FCNLogLoss=1.930574,	
2017-06-14 20:16:42,614 Epoch[0] Batch [80]	Speed: 4.76 samples/sec	Train-FCNLogLoss=1.808217,	
2017-06-14 20:16:48,089 Epoch[0] Batch [90]	Speed: 5.48 samples/sec	Train-FCNLogLoss=1.722469,	
2017-06-14 20:16:53,560 Epoch[0] Batch [100]	Speed: 5.48 samples/sec	Train-FCNLogLoss=1.644877,	
2017-06-14 20:16:59,183 Epoch[0] Batch [110]	Speed: 5.34 samples/sec	Train-FCNLogLoss=1.560261,	
2017-06-14 20:17:04,973 Epoch[0] Batch [120]	Speed: 5.18 samples/sec	Train-FCNLogLoss=1.492279,	
2017-06-14 20:17:10,779 Epoch[0] Batch [130]	Speed: 5.17 samples/sec	Train-FCNLogLoss=1.432773,	
2017-06-14 20:17:16,462 Epoch[0] Batch [140]	Speed: 5.28 samples/sec	Train-FCNLogLoss=1.378604,	
2017-06-14 20:17:22,207 Epoch[0] Batch [150]	Speed: 5.22 samples/sec	Train-FCNLogLoss=1.327348,	
2017-06-14 20:17:29,144 Epoch[0] Batch [160]	Speed: 4.33 samples/sec	Train-FCNLogLoss=1.281652,	
2017-06-14 20:17:35,321 Epoch[0] Batch [170]	Speed: 4.86 samples/sec	Train-FCNLogLoss=1.238439,	
2017-06-14 20:17:41,607 Epoch[0] Batch [180]	Speed: 4.77 samples/sec	Train-FCNLogLoss=1.196020,	
2017-06-14 20:17:47,448 Epoch[0] Batch [190]	Speed: 5.14 samples/sec	Train-FCNLogLoss=1.159877,	
2017-06-14 20:17:53,902 Epoch[0] Batch [200]	Speed: 4.65 samples/sec	Train-FCNLogLoss=1.134507,	
2017-06-14 20:18:00,896 Epoch[0] Batch [210]	Speed: 4.29 samples/sec	Train-FCNLogLoss=1.106312,	
2017-06-14 20:18:07,387 Epoch[0] Batch [220]	Speed: 4.62 samples/sec	Train-FCNLogLoss=1.078725,	
2017-06-14 20:18:14,143 Epoch[0] Batch [230]	Speed: 4.44 samples/sec	Train-FCNLogLoss=1.051100,	
2017-06-14 20:18:20,397 Epoch[0] Batch [240]	Speed: 4.80 samples/sec	Train-FCNLogLoss=1.029450,	
2017-06-14 20:18:26,219 Epoch[0] Batch [250]	Speed: 5.15 samples/sec	Train-FCNLogLoss=1.008691,	
2017-06-14 20:18:33,222 Epoch[0] Batch [260]	Speed: 4.28 samples/sec	Train-FCNLogLoss=0.987169,	
2017-06-14 20:18:39,887 Epoch[0] Batch [270]	Speed: 4.50 samples/sec	Train-FCNLogLoss=0.967733,	
2017-06-14 20:18:46,603 Epoch[0] Batch [280]	Speed: 4.47 samples/sec	Train-FCNLogLoss=0.951751,	
2017-06-14 20:18:52,826 Epoch[0] Batch [290]	Speed: 4.82 samples/sec	Train-FCNLogLoss=0.935022,	
2017-06-14 20:18:58,757 Epoch[0] Batch [300]	Speed: 5.06 samples/sec	Train-FCNLogLoss=0.918197,	
2017-06-14 20:19:05,122 Epoch[0] Batch [310]	Speed: 4.71 samples/sec	Train-FCNLogLoss=0.906197,	
2017-06-14 20:19:10,893 Epoch[0] Batch [320]	Speed: 5.21 samples/sec	Train-FCNLogLoss=0.892453,	
2017-06-14 20:19:17,474 Epoch[0] Batch [330]	Speed: 4.56 samples/sec	Train-FCNLogLoss=0.879574,	
2017-06-14 20:19:23,790 Epoch[0] Batch [340]	Speed: 4.75 samples/sec	Train-FCNLogLoss=0.868111,	
2017-06-14 20:19:29,946 Epoch[0] Batch [350]	Speed: 4.87 samples/sec	Train-FCNLogLoss=0.861181,	
2017-06-14 20:19:36,464 Epoch[0] Batch [360]	Speed: 4.60 samples/sec	Train-FCNLogLoss=0.848646,	
2017-06-14 20:19:42,781 Epoch[0] Batch [370]	Speed: 4.75 samples/sec	Train-FCNLogLoss=0.839897,	
2017-06-14 20:19:49,325 Epoch[0] Batch [380]	Speed: 4.58 samples/sec	Train-FCNLogLoss=0.830215,	
2017-06-14 20:20:07,826 Epoch[0] Batch [390]	Speed: 1.62 samples/sec	Train-FCNLogLoss=0.820520,	
2017-06-14 20:20:34,237 Epoch[0] Batch [400]	Speed: 1.14 samples/sec	Train-FCNLogLoss=0.810707,	
2017-06-14 20:20:56,550 Epoch[0] Batch [410]	Speed: 1.34 samples/sec	Train-FCNLogLoss=0.802620,	
2017-06-14 20:21:19,709 Epoch[0] Batch [420]	Speed: 1.30 samples/sec	Train-FCNLogLoss=0.792955,	
2017-06-14 20:21:45,660 Epoch[0] Batch [430]	Speed: 1.16 samples/sec	Train-FCNLogLoss=0.786122,	
2017-06-14 20:22:11,306 Epoch[0] Batch [440]	Speed: 1.17 samples/sec	Train-FCNLogLoss=0.778086,	
2017-06-14 20:22:37,300 Epoch[0] Batch [450]	Speed: 1.15 samples/sec	Train-FCNLogLoss=0.771098,	
2017-06-14 20:23:02,833 Epoch[0] Batch [460]	Speed: 1.17 samples/sec	Train-FCNLogLoss=0.762552,	
2017-06-14 20:23:18,809 Epoch[0] Batch [470]	Speed: 1.88 samples/sec	Train-FCNLogLoss=0.755273,	
2017-06-14 20:23:28,705 Epoch[0] Batch [480]	Speed: 3.03 samples/sec	Train-FCNLogLoss=0.747128,	
2017-06-14 20:23:38,344 Epoch[0] Batch [490]	Speed: 3.11 samples/sec	Train-FCNLogLoss=0.742777,	
2017-06-14 20:23:46,490 Epoch[0] Batch [500]	Speed: 3.68 samples/sec	Train-FCNLogLoss=0.736290,	
2017-06-14 20:24:03,331 Epoch[0] Batch [510]	Speed: 1.78 samples/sec	Train-FCNLogLoss=0.730398,	
2017-06-14 20:24:14,348 Epoch[0] Batch [520]	Speed: 2.72 samples/sec	Train-FCNLogLoss=0.724712,	
2017-06-14 20:24:28,787 Epoch[0] Batch [530]	Speed: 2.08 samples/sec	Train-FCNLogLoss=0.719705,	
2017-06-14 20:24:39,929 Epoch[0] Batch [540]	Speed: 2.69 samples/sec	Train-FCNLogLoss=0.714696,	
2017-06-14 20:24:45,316 Epoch[0] Batch [550]	Speed: 5.57 samples/sec	Train-FCNLogLoss=0.709069,	
2017-06-14 20:24:49,512 Epoch[0] Batch [560]	Speed: 7.15 samples/sec	Train-FCNLogLoss=0.703439,	
2017-06-14 20:24:53,446 Epoch[0] Batch [570]	Speed: 7.63 samples/sec	Train-FCNLogLoss=0.698895,	
2017-06-14 20:24:57,661 Epoch[0] Batch [580]	Speed: 7.12 samples/sec	Train-FCNLogLoss=0.693895,	
2017-06-14 20:25:01,639 Epoch[0] Batch [590]	Speed: 7.54 samples/sec	Train-FCNLogLoss=0.688101,	
2017-06-14 20:25:05,244 Epoch[0] Batch [600]	Speed: 8.32 samples/sec	Train-FCNLogLoss=0.683044,	
2017-06-14 20:25:09,342 Epoch[0] Batch [610]	Speed: 7.32 samples/sec	Train-FCNLogLoss=0.679017,	
2017-06-14 20:25:13,493 Epoch[0] Batch [620]	Speed: 7.23 samples/sec	Train-FCNLogLoss=0.673964,	
2017-06-14 20:25:17,699 Epoch[0] Batch [630]	Speed: 7.13 samples/sec	Train-FCNLogLoss=0.669789,	
2017-06-14 20:25:21,934 Epoch[0] Batch [640]	Speed: 7.08 samples/sec	Train-FCNLogLoss=0.664468,	
2017-06-14 20:25:26,077 Epoch[0] Batch [650]	Speed: 7.24 samples/sec	Train-FCNLogLoss=0.660016,	
2017-06-14 20:25:30,408 Epoch[0] Batch [660]	Speed: 6.93 samples/sec	Train-FCNLogLoss=0.655156,	
2017-06-14 20:25:34,472 Epoch[0] Batch [670]	Speed: 7.38 samples/sec	Train-FCNLogLoss=0.653149,	
2017-06-14 20:25:38,444 Epoch[0] Batch [680]	Speed: 7.56 samples/sec	Train-FCNLogLoss=0.648620,	
2017-06-14 20:25:42,235 Epoch[0] Batch [690]	Speed: 7.91 samples/sec	Train-FCNLogLoss=0.644368,	
2017-06-14 20:25:46,272 Epoch[0] Batch [700]	Speed: 7.43 samples/sec	Train-FCNLogLoss=0.640317,	
2017-06-14 20:25:50,103 Epoch[0] Batch [710]	Speed: 7.83 samples/sec	Train-FCNLogLoss=0.636778,	
2017-06-14 20:25:54,181 Epoch[0] Batch [720]	Speed: 7.36 samples/sec	Train-FCNLogLoss=0.632658,	
2017-06-14 20:25:57,840 Epoch[0] Batch [730]	Speed: 8.20 samples/sec	Train-FCNLogLoss=0.629345,	
2017-06-14 20:26:02,102 Epoch[0] Batch [740]	Speed: 7.04 samples/sec	Train-FCNLogLoss=0.625449,	
2017-06-14 20:26:06,185 Epoch[0] Batch [750]	Speed: 7.35 samples/sec	Train-FCNLogLoss=0.622576,	
2017-06-14 20:26:10,188 Epoch[0] Batch [760]	Speed: 7.49 samples/sec	Train-FCNLogLoss=0.619555,	
2017-06-14 20:26:14,654 Epoch[0] Batch [770]	Speed: 6.72 samples/sec	Train-FCNLogLoss=0.615842,	
