2017-06-23 15:42:33,605 training config:{'CLASS_AGNOSTIC': True,
 'MXNET_VERSION': 'mxnet',
 'SCALES': [(1024, 2048)],
 'TEST': {'BATCH_IMAGES': 1, 'test_epoch': 53},
 'TRAIN': {'BATCH_IMAGES': 1,
           'CROP_HEIGHT': 768,
           'CROP_WIDTH': 1024,
           'ENABLE_CROP': True,
           'ENABLE_OHEM': False,
           'FLIP': True,
           'RESUME': False,
           'SHUFFLE': True,
           'begin_epoch': 0,
           'end_epoch': 53,
           'lr': 0.0005,
           'lr_step': '40.336',
           'model_prefix': 'deeplab_resnet_v1_101_cityscapes_segmentation_base',
           'momentum': 0.9,
           'warmup': True,
           'warmup_lr': 5e-05,
           'warmup_step': 1000,
           'wd': 0.0005},
 'dataset': {'NUM_CLASSES': 19,
             'annotation_prefix': 'gtFine',
             'dataset': 'CityScape',
             'dataset_path': '/data/haowang/seg_dataset/',
             'image_set': 'leftImg8bit_train',
             'root_path': '/data/haowang/seg_dataset/',
             'test_image_set': 'leftImg8bit_val'},
 'default': {'frequent': 10, 'kvstore': 'device'},
 'gpus': '1,2,3,4',
 'network': {'FIXED_PARAMS': ['conv1',
                              'bn_conv1',
                              'res2',
                              'bn2',
                              'gamma',
                              'beta'],
             'FIXED_PARAMS_SHARED': ['conv1',
                                     'bn_conv1',
                                     'res2',
                                     'bn2',
                                     'res3',
                                     'bn3',
                                     'res4',
                                     'bn4',
                                     'gamma',
                                     'beta'],
             'IMAGE_STRIDE': 0,
             'PIXEL_MEANS': array([ 103.06,  115.9 ,  123.15]),
             'pretrained': './model/pretrained_model/resnet_v1_101',
             'pretrained_epoch': 0},
 'output_path': './output/cityscape',
 'symbol': 'resnet_v1_101_deeplab'}

2017-06-23 15:43:40,294 Epoch[0] Batch [10]	Speed: 6.20 samples/sec	Train-FCNLogLoss=2.883254,	
2017-06-23 15:43:46,679 Epoch[0] Batch [20]	Speed: 6.26 samples/sec	Train-FCNLogLoss=2.757427,	
2017-06-23 15:43:53,144 Epoch[0] Batch [30]	Speed: 6.19 samples/sec	Train-FCNLogLoss=2.558640,	
2017-06-23 15:43:59,207 Epoch[0] Batch [40]	Speed: 6.60 samples/sec	Train-FCNLogLoss=2.318484,	
2017-06-23 15:44:05,299 Epoch[0] Batch [50]	Speed: 6.57 samples/sec	Train-FCNLogLoss=2.099299,	
2017-06-23 15:44:11,231 Epoch[0] Batch [60]	Speed: 6.74 samples/sec	Train-FCNLogLoss=1.946459,	
2017-06-23 15:44:17,096 Epoch[0] Batch [70]	Speed: 6.82 samples/sec	Train-FCNLogLoss=1.812642,	
2017-06-23 15:44:22,863 Epoch[0] Batch [80]	Speed: 6.94 samples/sec	Train-FCNLogLoss=1.684719,	
2017-06-23 15:44:28,702 Epoch[0] Batch [90]	Speed: 6.85 samples/sec	Train-FCNLogLoss=1.586213,	
2017-06-23 15:44:34,641 Epoch[0] Batch [100]	Speed: 6.74 samples/sec	Train-FCNLogLoss=1.493065,	
2017-06-23 15:44:40,874 Epoch[0] Batch [110]	Speed: 6.42 samples/sec	Train-FCNLogLoss=1.419263,	
2017-06-23 15:44:46,450 Epoch[0] Batch [120]	Speed: 7.17 samples/sec	Train-FCNLogLoss=1.353850,	
2017-06-23 15:44:52,218 Epoch[0] Batch [130]	Speed: 6.93 samples/sec	Train-FCNLogLoss=1.300951,	
2017-06-23 15:44:57,903 Epoch[0] Batch [140]	Speed: 7.04 samples/sec	Train-FCNLogLoss=1.250358,	
2017-06-23 15:45:03,980 Epoch[0] Batch [150]	Speed: 6.58 samples/sec	Train-FCNLogLoss=1.203396,	
2017-06-23 15:45:09,831 Epoch[0] Batch [160]	Speed: 6.84 samples/sec	Train-FCNLogLoss=1.162781,	
2017-06-23 15:45:15,381 Epoch[0] Batch [170]	Speed: 7.21 samples/sec	Train-FCNLogLoss=1.124208,	
2017-06-23 15:45:21,090 Epoch[0] Batch [180]	Speed: 7.01 samples/sec	Train-FCNLogLoss=1.092877,	
2017-06-23 15:45:26,940 Epoch[0] Batch [190]	Speed: 6.84 samples/sec	Train-FCNLogLoss=1.064055,	
2017-06-23 15:45:33,151 Epoch[0] Batch [200]	Speed: 6.44 samples/sec	Train-FCNLogLoss=1.034382,	
2017-06-23 15:45:38,645 Epoch[0] Batch [210]	Speed: 7.28 samples/sec	Train-FCNLogLoss=1.004462,	
2017-06-23 15:45:44,535 Epoch[0] Batch [220]	Speed: 6.79 samples/sec	Train-FCNLogLoss=0.981696,	
2017-06-23 15:45:50,379 Epoch[0] Batch [230]	Speed: 6.84 samples/sec	Train-FCNLogLoss=0.958901,	
2017-06-23 15:45:56,316 Epoch[0] Batch [240]	Speed: 6.74 samples/sec	Train-FCNLogLoss=0.939026,	
2017-06-23 15:46:02,466 Epoch[0] Batch [250]	Speed: 6.50 samples/sec	Train-FCNLogLoss=0.921939,	
2017-06-23 15:46:08,408 Epoch[0] Batch [260]	Speed: 6.73 samples/sec	Train-FCNLogLoss=0.906531,	
2017-06-23 15:46:14,509 Epoch[0] Batch [270]	Speed: 6.56 samples/sec	Train-FCNLogLoss=0.889262,	
2017-06-23 15:46:20,488 Epoch[0] Batch [280]	Speed: 6.69 samples/sec	Train-FCNLogLoss=0.875137,	
2017-06-23 15:46:26,533 Epoch[0] Batch [290]	Speed: 6.62 samples/sec	Train-FCNLogLoss=0.861626,	
2017-06-23 15:46:32,805 Epoch[0] Batch [300]	Speed: 6.38 samples/sec	Train-FCNLogLoss=0.851022,	
2017-06-23 15:46:38,969 Epoch[0] Batch [310]	Speed: 6.49 samples/sec	Train-FCNLogLoss=0.842890,	
2017-06-23 15:46:45,299 Epoch[0] Batch [320]	Speed: 6.32 samples/sec	Train-FCNLogLoss=0.829934,	
2017-06-23 15:46:51,147 Epoch[0] Batch [330]	Speed: 6.84 samples/sec	Train-FCNLogLoss=0.819630,	
2017-06-23 15:46:56,861 Epoch[0] Batch [340]	Speed: 7.00 samples/sec	Train-FCNLogLoss=0.807862,	
2017-06-23 15:47:02,831 Epoch[0] Batch [350]	Speed: 6.70 samples/sec	Train-FCNLogLoss=0.798558,	
2017-06-23 15:47:08,731 Epoch[0] Batch [360]	Speed: 6.78 samples/sec	Train-FCNLogLoss=0.787958,	
2017-06-23 15:47:14,702 Epoch[0] Batch [370]	Speed: 6.70 samples/sec	Train-FCNLogLoss=0.777543,	
2017-06-23 15:47:20,576 Epoch[0] Batch [380]	Speed: 6.81 samples/sec	Train-FCNLogLoss=0.766694,	
2017-06-23 15:47:26,687 Epoch[0] Batch [390]	Speed: 6.55 samples/sec	Train-FCNLogLoss=0.756899,	
2017-06-23 15:47:32,664 Epoch[0] Batch [400]	Speed: 6.69 samples/sec	Train-FCNLogLoss=0.749014,	
2017-06-23 15:47:38,702 Epoch[0] Batch [410]	Speed: 6.62 samples/sec	Train-FCNLogLoss=0.741311,	
2017-06-23 15:47:44,530 Epoch[0] Batch [420]	Speed: 6.86 samples/sec	Train-FCNLogLoss=0.734302,	
2017-06-23 15:47:50,562 Epoch[0] Batch [430]	Speed: 6.63 samples/sec	Train-FCNLogLoss=0.726724,	
2017-06-23 15:47:56,410 Epoch[0] Batch [440]	Speed: 6.84 samples/sec	Train-FCNLogLoss=0.718321,	
2017-06-23 15:48:02,528 Epoch[0] Batch [450]	Speed: 6.54 samples/sec	Train-FCNLogLoss=0.711399,	
2017-06-23 15:48:08,249 Epoch[0] Batch [460]	Speed: 6.99 samples/sec	Train-FCNLogLoss=0.703715,	
2017-06-23 15:48:14,051 Epoch[0] Batch [470]	Speed: 6.90 samples/sec	Train-FCNLogLoss=0.696248,	
2017-06-23 15:48:19,877 Epoch[0] Batch [480]	Speed: 6.87 samples/sec	Train-FCNLogLoss=0.690383,	
2017-06-23 15:48:25,693 Epoch[0] Batch [490]	Speed: 6.88 samples/sec	Train-FCNLogLoss=0.683079,	
2017-06-23 15:48:31,586 Epoch[0] Batch [500]	Speed: 6.79 samples/sec	Train-FCNLogLoss=0.675943,	
2017-06-23 15:48:37,271 Epoch[0] Batch [510]	Speed: 7.04 samples/sec	Train-FCNLogLoss=0.670584,	
2017-06-23 15:48:42,660 Epoch[0] Batch [520]	Speed: 7.42 samples/sec	Train-FCNLogLoss=0.664297,	
2017-06-23 15:48:48,376 Epoch[0] Batch [530]	Speed: 7.00 samples/sec	Train-FCNLogLoss=0.658268,	
2017-06-23 15:48:53,906 Epoch[0] Batch [540]	Speed: 7.23 samples/sec	Train-FCNLogLoss=0.653401,	
2017-06-23 15:48:59,646 Epoch[0] Batch [550]	Speed: 6.97 samples/sec	Train-FCNLogLoss=0.648167,	
2017-06-23 15:49:04,977 Epoch[0] Batch [560]	Speed: 7.50 samples/sec	Train-FCNLogLoss=0.642609,	
2017-06-23 15:49:10,811 Epoch[0] Batch [570]	Speed: 6.86 samples/sec	Train-FCNLogLoss=0.639820,	
2017-06-23 15:49:16,540 Epoch[0] Batch [580]	Speed: 6.98 samples/sec	Train-FCNLogLoss=0.636168,	
2017-06-23 15:49:22,318 Epoch[0] Batch [590]	Speed: 6.92 samples/sec	Train-FCNLogLoss=0.631725,	
2017-06-23 15:49:28,144 Epoch[0] Batch [600]	Speed: 6.87 samples/sec	Train-FCNLogLoss=0.627483,	
2017-06-23 15:49:34,113 Epoch[0] Batch [610]	Speed: 6.70 samples/sec	Train-FCNLogLoss=0.623142,	
2017-06-23 15:49:39,968 Epoch[0] Batch [620]	Speed: 6.83 samples/sec	Train-FCNLogLoss=0.619575,	
2017-06-23 15:49:45,729 Epoch[0] Batch [630]	Speed: 6.94 samples/sec	Train-FCNLogLoss=0.615128,	
2017-06-23 15:49:51,491 Epoch[0] Batch [640]	Speed: 6.94 samples/sec	Train-FCNLogLoss=0.611044,	
2017-06-23 15:49:57,218 Epoch[0] Batch [650]	Speed: 6.98 samples/sec	Train-FCNLogLoss=0.608119,	
2017-06-23 15:50:02,847 Epoch[0] Batch [660]	Speed: 7.11 samples/sec	Train-FCNLogLoss=0.604186,	
